wear/build/intermediates/manifest_merge_blame_file/debug/processDebugMainManifest/manifest-merger-blame-debug-report.txt
1<?xml version="1.0" encoding="utf-8"?>
2<manifest xmlns:android="http://schemas.android.com/apk/res/android"
3    package="com.louietyj.wristspacer.wear"
4    android:versionCode="1"
5    android:versionName="0.1.0" >
6
7    <uses-sdk
8        android:minSdkVersion="30"
9        android:targetSdkVersion="35" />
10
11    <uses-feature android:name="android.hardware.type.watch" />
11-->src\main\AndroidManifest.xml:4:5-64
11-->src\main\AndroidManifest.xml:4:19-61
12
13    <uses-permission android:name="android.permission.WAKE_LOCK" />
13-->src\main\AndroidManifest.xml:6:5-68
13-->src\main\AndroidManifest.xml:6:22-65
14
15    <permission
15-->[androidx.core:core:1.13.1] AndroidManifest.xml:22:5-24:47
16        android:name="com.louietyj.wristspacer.wear.DYNAMIC_RECEIVER_NOT_EXPORTED_PERMISSION"
16-->[androidx.core:core:1.13.1] AndroidManifest.xml:23:9-81
17        android:protectionLevel="signature" />
17-->[androidx.core:core:1.13.1] AndroidManifest.xml:24:9-44
18
19    <uses-permission android:name="com.louietyj.wristspacer.wear.DYNAMIC_RECEIVER_NOT_EXPORTED_PERMISSION" />
19-->[androidx.core:core:1.13.1] AndroidManifest.xml:26:5-97
19-->[androidx.core:core:1.13.1] AndroidManifest.xml:26:22-94
20
21    <application
21-->src\main\AndroidManifest.xml:8:5-54:19
22        android:appComponentFactory="androidx.core.app.CoreComponentFactory"
22-->[androidx.core:core:1.13.1] AndroidManifest.xml:28:18-86
23        android:debuggable="true"
24        android:extractNativeLibs="false"
25        android:icon="@android:drawable/ic_dialog_info"
25-->src\main\AndroidManifest.xml:10:9-56
26        android:label="Wristspacer"
26-->src\main\AndroidManifest.xml:9:9-36
27        android:supportsRtl="true"
27-->src\main\AndroidManifest.xml:11:9-35
28        android:theme="@android:style/Theme.DeviceDefault" >
28-->src\main\AndroidManifest.xml:12:9-59
29
30        <!--
31            WearableListenerService: receives /next_event DataItems pushed from the phone.
32            The system binds it automatically when a matching DataItem arrives.
33        -->
34        <service
34-->src\main\AndroidManifest.xml:18:9-28:19
35            android:name="com.louietyj.wristspacer.wear.PhoneDataListenerService"
35-->src\main\AndroidManifest.xml:19:13-53
36            android:exported="true" >
36-->src\main\AndroidManifest.xml:20:13-36
37            <intent-filter>
37-->src\main\AndroidManifest.xml:21:13-27:29
38                <action android:name="com.google.android.gms.wearable.DATA_CHANGED" />
38-->src\main\AndroidManifest.xml:22:17-87
38-->src\main\AndroidManifest.xml:22:25-84
39
40                <data
40-->src\main\AndroidManifest.xml:23:17-26:56
41                    android:host="*"
41-->src\main\AndroidManifest.xml:25:21-37
42                    android:pathPrefix="/next_event"
42-->src\main\AndroidManifest.xml:26:21-53
43                    android:scheme="wear" />
43-->src\main\AndroidManifest.xml:24:21-42
44            </intent-filter>
45        </service>
46
47        <!--
48            ComplicationDataSourceService: provides the next-event complication to watch faces.
49
50            BIND_COMPLICATION_PROVIDER: only the Wear OS system may bind to this service.
51            SUPPORTED_TYPES: SHORT_TEXT for small slots, LONG_TEXT for wide slots.
52            UPDATE_PERIOD_SECONDS=0: updates are push-driven via requestUpdateAll()
53                                     from PhoneDataListenerService; no polling needed.
54        -->
55        <service
55-->src\main\AndroidManifest.xml:38:9-52:19
56            android:name="com.louietyj.wristspacer.wear.NextEventComplicationService"
56-->src\main\AndroidManifest.xml:39:13-57
57            android:exported="true"
57-->src\main\AndroidManifest.xml:41:13-36
58            android:label="Work Calendar Event"
58-->src\main\AndroidManifest.xml:40:13-48
59            android:permission="com.google.android.wearable.permission.BIND_COMPLICATION_PROVIDER" >
59-->src\main\AndroidManifest.xml:42:13-99
60            <intent-filter>
60-->src\main\AndroidManifest.xml:43:13-45:29
61                <action android:name="android.support.wearable.complications.ACTION_COMPLICATION_UPDATE_REQUEST" />
61-->src\main\AndroidManifest.xml:44:17-116
61-->src\main\AndroidManifest.xml:44:25-113
62            </intent-filter>
63
64            <meta-data
64-->src\main\AndroidManifest.xml:46:13-48:56
65                android:name="android.support.wearable.complications.SUPPORTED_TYPES"
65-->src\main\AndroidManifest.xml:47:17-86
66                android:value="SHORT_TEXT,LONG_TEXT" />
66-->src\main\AndroidManifest.xml:48:17-53
67            <meta-data
67-->src\main\AndroidManifest.xml:49:13-51:37
68                android:name="android.support.wearable.complications.UPDATE_PERIOD_SECONDS"
68-->src\main\AndroidManifest.xml:50:17-92
69                android:value="0" />
69-->src\main\AndroidManifest.xml:51:17-34
70        </service>
71
72        <uses-library
72-->[androidx.wear.watchface:watchface-complications-data:1.3.0] AndroidManifest.xml:8:9-10:40
73            android:name="com.google.android.wearable"
73-->[androidx.wear.watchface:watchface-complications-data:1.3.0] AndroidManifest.xml:9:13-55
74            android:required="false" />
74-->[androidx.wear.watchface:watchface-complications-data:1.3.0] AndroidManifest.xml:10:13-37
75        <uses-library
75-->[androidx.wear.watchface:watchface-complications-data:1.3.0] AndroidManifest.xml:11:9-13:40
76            android:name="wear-sdk"
76-->[androidx.wear.watchface:watchface-complications-data:1.3.0] AndroidManifest.xml:12:13-36
77            android:required="false" />
77-->[androidx.wear.watchface:watchface-complications-data:1.3.0] AndroidManifest.xml:13:13-37
78
79        <activity
79-->[com.google.android.gms:play-services-base:18.0.1] AndroidManifest.xml:20:9-22:45
80            android:name="com.google.android.gms.common.api.GoogleApiActivity"
80-->[com.google.android.gms:play-services-base:18.0.1] AndroidManifest.xml:20:19-85
81            android:exported="false"
81-->[com.google.android.gms:play-services-base:18.0.1] AndroidManifest.xml:22:19-43
82            android:theme="@android:style/Theme.Translucent.NoTitleBar" />
82-->[com.google.android.gms:play-services-base:18.0.1] AndroidManifest.xml:21:19-78
83
84        <meta-data
84-->[com.google.android.gms:play-services-basement:18.0.0] AndroidManifest.xml:21:9-23:69
85            android:name="com.google.android.gms.version"
85-->[com.google.android.gms:play-services-basement:18.0.0] AndroidManifest.xml:22:13-58
86            android:value="@integer/google_play_services_version" />
86-->[com.google.android.gms:play-services-basement:18.0.0] AndroidManifest.xml:23:13-66
87
88        <provider
88-->[androidx.profileinstaller:profileinstaller:1.3.0] AndroidManifest.xml:24:9-32:20
89            android:name="androidx.startup.InitializationProvider"
89-->[androidx.profileinstaller:profileinstaller:1.3.0] AndroidManifest.xml:25:13-67
90            android:authorities="com.louietyj.wristspacer.wear.androidx-startup"
90-->[androidx.profileinstaller:profileinstaller:1.3.0] AndroidManifest.xml:26:13-68
91            android:exported="false" >
91-->[androidx.profileinstaller:profileinstaller:1.3.0] AndroidManifest.xml:27:13-37
92            <meta-data
92-->[androidx.profileinstaller:profileinstaller:1.3.0] AndroidManifest.xml:29:13-31:52
93                android:name="androidx.profileinstaller.ProfileInstallerInitializer"
93-->[androidx.profileinstaller:profileinstaller:1.3.0] AndroidManifest.xml:30:17-85
94                android:value="androidx.startup" />
94-->[androidx.profileinstaller:profileinstaller:1.3.0] AndroidManifest.xml:31:17-49
95        </provider>
96
97        <receiver
97-->[androidx.profileinstaller:profileinstaller:1.3.0] AndroidManifest.xml:34:9-52:20
98            android:name="androidx.profileinstaller.ProfileInstallReceiver"
98-->[androidx.profileinstaller:profileinstaller:1.3.0] AndroidManifest.xml:35:13-76
99            android:directBootAware="false"
99-->[androidx.profileinstaller:profileinstaller:1.3.0] AndroidManifest.xml:36:13-44
100            android:enabled="true"
100-->[androidx.profileinstaller:profileinstaller:1.3.0] AndroidManifest.xml:37:13-35
101            android:exported="true"
101-->[androidx.profileinstaller:profileinstaller:1.3.0] AndroidManifest.xml:38:13-36
102            android:permission="android.permission.DUMP" >
102-->[androidx.profileinstaller:profileinstaller:1.3.0] AndroidManifest.xml:39:13-57
103            <intent-filter>
103-->[androidx.profileinstaller:profileinstaller:1.3.0] AndroidManifest.xml:40:13-42:29
104                <action android:name="androidx.profileinstaller.action.INSTALL_PROFILE" />
104-->[androidx.profileinstaller:profileinstaller:1.3.0] AndroidManifest.xml:41:17-91
104-->[androidx.profileinstaller:profileinstaller:1.3.0] AndroidManifest.xml:41:25-88
105            </intent-filter>
106            <intent-filter>
106-->[androidx.profileinstaller:profileinstaller:1.3.0] AndroidManifest.xml:43:13-45:29
107                <action android:name="androidx.profileinstaller.action.SKIP_FILE" />
107-->[androidx.profileinstaller:profileinstaller:1.3.0] AndroidManifest.xml:44:17-85
107-->[androidx.profileinstaller:profileinstaller:1.3.0] AndroidManifest.xml:44:25-82
108            </intent-filter>
109            <intent-filter>
109-->[androidx.profileinstaller:profileinstaller:1.3.0] AndroidManifest.xml:46:13-48:29
110                <action android:name="androidx.profileinstaller.action.SAVE_PROFILE" />
110-->[androidx.profileinstaller:profileinstaller:1.3.0] AndroidManifest.xml:47:17-88
110-->[androidx.profileinstaller:profileinstaller:1.3.0] AndroidManifest.xml:47:25-85
111            </intent-filter>
112            <intent-filter>
112-->[androidx.profileinstaller:profileinstaller:1.3.0] AndroidManifest.xml:49:13-51:29
113                <action android:name="androidx.profileinstaller.action.BENCHMARK_OPERATION" />
113-->[androidx.profileinstaller:profileinstaller:1.3.0] AndroidManifest.xml:50:17-95
113-->[androidx.profileinstaller:profileinstaller:1.3.0] AndroidManifest.xml:50:25-92
114            </intent-filter>
115        </receiver>
116    </application>
117
118</manifest>